2016-08-01T21:47:57+00:00 ERR (3): 
exception 'Mage_Core_Model_Store_Exception' in /var/www/fullcare.vn/public_html/app/code/core/Mage/Core/Model/App.php:1377
Stack trace:
#0 /var/www/fullcare.vn/public_html/app/code/core/Mage/Core/Model/App.php(861): Mage_Core_Model_App->throwStoreException()
#1 /var/www/fullcare.vn/public_html/app/code/core/Mage/Catalog/Model/Abstract.php(244): Mage_Core_Model_App->getStore('14')
#2 /var/www/fullcare.vn/public_html/app/code/core/Mage/Catalog/Model/Product/Type/Price.php(273): Mage_Catalog_Model_Abstract->getStore()
#3 /var/www/fullcare.vn/public_html/app/code/core/Mage/Catalog/Model/Product/Type/Price.php(62): Mage_Catalog_Model_Product_Type_Price->_applySpecialPrice(Object(Mage_Catalog_Model_Product), 0)
#4 /var/www/fullcare.vn/public_html/app/code/core/Mage/Catalog/Model/Product/Type/Price.php(80): Mage_Catalog_Model_Product_Type_Price->getBasePrice(Object(Mage_Catalog_Model_Product), NULL)
#5 /var/www/fullcare.vn/public_html/app/code/core/Mage/Catalog/Model/Product/Type/Grouped/Price.php(49): Mage_Catalog_Model_Product_Type_Price->getFinalPrice(NULL, Object(Mage_Catalog_Model_Product))
#6 /var/www/fullcare.vn/public_html/app/code/core/Mage/Catalog/Model/Product.php(712): Mage_Catalog_Model_Product_Type_Grouped_Price->getFinalPrice(NULL, Object(Mage_Catalog_Model_Product))
#7 /var/www/fullcare.vn/public_html/app/code/local/Sm/ListingExtend/Block/List.php(140): Mage_Catalog_Model_Product->getFinalPrice()
#8 /var/www/fullcare.vn/public_html/app/design/frontend/sm_market/default/template/sm/listingextend/default.phtml(10): Sm_ListingExtend_Block_List->_getProducts()
#9 /var/www/fullcare.vn/public_html/app/code/core/Mage/Core/Block/Template.php(241): include('/var/www/fullca...')
#10 /var/www/fullcare.vn/public_html/app/code/core/Mage/Core/Block/Template.php(272): Mage_Core_Block_Template->fetchView('frontend/sm_mar...')
#11 /var/www/fullcare.vn/public_html/app/code/core/Mage/Core/Block/Template.php(286): Mage_Core_Block_Template->renderView()
#12 /var/www/fullcare.vn/public_html/app/code/local/Sm/ListingExtend/Block/List.php(95): Mage_Core_Block_Template->_toHtml()
#13 /var/www/fullcare.vn/public_html/app/code/core/Mage/Core/Block/Abstract.php(919): Sm_ListingExtend_Block_List->_toHtml()
#14 /var/www/fullcare.vn/public_html/app/code/core/Mage/Core/Model/Email/Template/Filter.php(208): Mage_Core_Block_Abstract->toHtml()
#15 [internal function]: Mage_Core_Model_Email_Template_Filter->blockDirective(Array)
#16 /var/www/fullcare.vn/public_html/lib/Varien/Filter/Template.php(163): call_user_func(Array, Array)
#17 /var/www/fullcare.vn/public_html/app/code/core/Mage/Core/Model/Email/Template/Filter.php(560): Varien_Filter_Template->filter('{{block type="l...')
#18 /var/www/fullcare.vn/public_html/app/code/core/Mage/Cms/Block/Page.php(101): Mage_Core_Model_Email_Template_Filter->filter('{{block type="l...')
#19 /var/www/fullcare.vn/public_html/app/code/core/Mage/Core/Block/Abstract.php(919): Mage_Cms_Block_Page->_toHtml()
#20 /var/www/fullcare.vn/public_html/app/code/core/Mage/Core/Block/Abstract.php(637): Mage_Core_Block_Abstract->toHtml()
#21 /var/www/fullcare.vn/public_html/app/code/core/Mage/Core/Block/Abstract.php(577): Mage_Core_Block_Abstract->_getChildHtml('cms_page', true)
#22 /var/www/fullcare.vn/public_html/app/code/core/Mage/Page/Block/Html/Wrapper.php(52): Mage_Core_Block_Abstract->getChildHtml('', true, true)
#23 /var/www/fullcare.vn/public_html/app/code/core/Mage/Core/Block/Abstract.php(919): Mage_Page_Block_Html_Wrapper->_toHtml()
#24 /var/www/fullcare.vn/public_html/app/code/core/Mage/Core/Block/Text/List.php(43): Mage_Core_Block_Abstract->toHtml()
#25 /var/www/fullcare.vn/public_html/app/code/core/Mage/Core/Block/Abstract.php(919): Mage_Core_Block_Text_List->_toHtml()
#26 /var/www/fullcare.vn/public_html/app/code/core/Mage/Core/Block/Abstract.php(637): Mage_Core_Block_Abstract->toHtml()
#27 /var/www/fullcare.vn/public_html/app/code/core/Mage/Core/Block/Abstract.php(581): Mage_Core_Block_Abstract->_getChildHtml('content', true)
#28 /var/www/fullcare.vn/public_html/app/design/frontend/sm_market/default/template/page/2columns-left.phtml(158): Mage_Core_Block_Abstract->getChildHtml('content')
#29 /var/www/fullcare.vn/public_html/app/code/core/Mage/Core/Block/Template.php(241): include('/var/www/fullca...')
#30 /var/www/fullcare.vn/public_html/app/code/core/Mage/Core/Block/Template.php(272): Mage_Core_Block_Template->fetchView('frontend/sm_mar...')
#31 /var/www/fullcare.vn/public_html/app/code/core/Mage/Core/Block/Template.php(286): Mage_Core_Block_Template->renderView()
#32 /var/www/fullcare.vn/public_html/app/code/core/Mage/Core/Block/Abstract.php(919): Mage_Core_Block_Template->_toHtml()
#33 /var/www/fullcare.vn/public_html/app/code/core/Mage/Core/Model/Layout.php(555): Mage_Core_Block_Abstract->toHtml()
#34 /var/www/fullcare.vn/public_html/app/code/core/Mage/Core/Controller/Varien/Action.php(390): Mage_Core_Model_Layout->getOutput()
#35 /var/www/fullcare.vn/public_html/app/code/core/Mage/Cms/Helper/Page.php(137): Mage_Core_Controller_Varien_Action->renderLayout()
#36 /var/www/fullcare.vn/public_html/app/code/core/Mage/Cms/Helper/Page.php(52): Mage_Cms_Helper_Page->_renderPage(Object(Mage_Cms_PageController), '16')
#37 /var/www/fullcare.vn/public_html/app/code/core/Mage/Cms/controllers/PageController.php(45): Mage_Cms_Helper_Page->renderPage(Object(Mage_Cms_PageController), '16')
#38 /var/www/fullcare.vn/public_html/app/code/core/Mage/Core/Controller/Varien/Action.php(418): Mage_Cms_PageController->viewAction()
#39 /var/www/fullcare.vn/public_html/app/code/core/Mage/Core/Controller/Varien/Router/Standard.php(254): Mage_Core_Controller_Varien_Action->dispatch('view')
#40 /var/www/fullcare.vn/public_html/app/code/core/Mage/Core/Controller/Varien/Front.php(172): Mage_Core_Controller_Varien_Router_Standard->match(Object(Mage_Core_Controller_Request_Http))
#41 /var/www/fullcare.vn/public_html/app/code/core/Mage/Core/Model/App.php(365): Mage_Core_Controller_Varien_Front->dispatch()
#42 /var/www/fullcare.vn/public_html/app/Mage.php(684): Mage_Core_Model_App->run(Array)
#43 /var/www/fullcare.vn/public_html/index.php(83): Mage::run('', 'store')
#44 {main}
2016-08-01T21:48:30+00:00 ERR (3): 
exception 'Mage_Core_Model_Store_Exception' in /var/www/fullcare.vn/public_html/app/code/core/Mage/Core/Model/App.php:1377
Stack trace:
#0 /var/www/fullcare.vn/public_html/app/code/core/Mage/Core/Model/App.php(861): Mage_Core_Model_App->throwStoreException()
#1 /var/www/fullcare.vn/public_html/app/code/core/Mage/Core/Model/Url.php(359): Mage_Core_Model_App->getStore('14')
#2 /var/www/fullcare.vn/public_html/app/code/core/Mage/Catalog/Model/Product/Url.php(223): Mage_Core_Model_Url->setStore('14')
#3 /var/www/fullcare.vn/public_html/app/code/core/Mage/Catalog/Model/Product/Url.php(147): Mage_Catalog_Model_Product_Url->getUrl(Object(Mage_Catalog_Model_Product), Array)
#4 /var/www/fullcare.vn/public_html/app/code/core/Mage/Catalog/Model/Product.php(1411): Mage_Catalog_Model_Product_Url->getProductUrl(Object(Mage_Catalog_Model_Product), NULL)
#5 /var/www/fullcare.vn/public_html/app/code/local/Sm/ListingExtend/Block/List.php(165): Mage_Catalog_Model_Product->getProductUrl()
#6 /var/www/fullcare.vn/public_html/app/design/frontend/sm_market/default/template/sm/listingextend/default.phtml(10): Sm_ListingExtend_Block_List->_getProducts()
#7 /var/www/fullcare.vn/public_html/app/code/core/Mage/Core/Block/Template.php(241): include('/var/www/fullca...')
#8 /var/www/fullcare.vn/public_html/app/code/core/Mage/Core/Block/Template.php(272): Mage_Core_Block_Template->fetchView('frontend/sm_mar...')
#9 /var/www/fullcare.vn/public_html/app/code/core/Mage/Core/Block/Template.php(286): Mage_Core_Block_Template->renderView()
#10 /var/www/fullcare.vn/public_html/app/code/local/Sm/ListingExtend/Block/List.php(95): Mage_Core_Block_Template->_toHtml()
#11 /var/www/fullcare.vn/public_html/app/code/core/Mage/Core/Block/Abstract.php(919): Sm_ListingExtend_Block_List->_toHtml()
#12 /var/www/fullcare.vn/public_html/app/code/core/Mage/Core/Model/Email/Template/Filter.php(208): Mage_Core_Block_Abstract->toHtml()
#13 [internal function]: Mage_Core_Model_Email_Template_Filter->blockDirective(Array)
#14 /var/www/fullcare.vn/public_html/lib/Varien/Filter/Template.php(163): call_user_func(Array, Array)
#15 /var/www/fullcare.vn/public_html/app/code/core/Mage/Core/Model/Email/Template/Filter.php(560): Varien_Filter_Template->filter('{{block type="l...')
#16 /var/www/fullcare.vn/public_html/app/code/core/Mage/Cms/Block/Page.php(101): Mage_Core_Model_Email_Template_Filter->filter('{{block type="l...')
#17 /var/www/fullcare.vn/public_html/app/code/core/Mage/Core/Block/Abstract.php(919): Mage_Cms_Block_Page->_toHtml()
#18 /var/www/fullcare.vn/public_html/app/code/core/Mage/Core/Block/Abstract.php(637): Mage_Core_Block_Abstract->toHtml()
#19 /var/www/fullcare.vn/public_html/app/code/core/Mage/Core/Block/Abstract.php(577): Mage_Core_Block_Abstract->_getChildHtml('cms_page', true)
#20 /var/www/fullcare.vn/public_html/app/code/core/Mage/Page/Block/Html/Wrapper.php(52): Mage_Core_Block_Abstract->getChildHtml('', true, true)
#21 /var/www/fullcare.vn/public_html/app/code/core/Mage/Core/Block/Abstract.php(919): Mage_Page_Block_Html_Wrapper->_toHtml()
#22 /var/www/fullcare.vn/public_html/app/code/core/Mage/Core/Block/Text/List.php(43): Mage_Core_Block_Abstract->toHtml()
#23 /var/www/fullcare.vn/public_html/app/code/core/Mage/Core/Block/Abstract.php(919): Mage_Core_Block_Text_List->_toHtml()
#24 /var/www/fullcare.vn/public_html/app/code/core/Mage/Core/Block/Abstract.php(637): Mage_Core_Block_Abstract->toHtml()
#25 /var/www/fullcare.vn/public_html/app/code/core/Mage/Core/Block/Abstract.php(581): Mage_Core_Block_Abstract->_getChildHtml('content', true)
#26 /var/www/fullcare.vn/public_html/app/design/frontend/sm_market/default/template/page/2columns-left.phtml(158): Mage_Core_Block_Abstract->getChildHtml('content')
#27 /var/www/fullcare.vn/public_html/app/code/core/Mage/Core/Block/Template.php(241): include('/var/www/fullca...')
#28 /var/www/fullcare.vn/public_html/app/code/core/Mage/Core/Block/Template.php(272): Mage_Core_Block_Template->fetchView('frontend/sm_mar...')
#29 /var/www/fullcare.vn/public_html/app/code/core/Mage/Core/Block/Template.php(286): Mage_Core_Block_Template->renderView()
#30 /var/www/fullcare.vn/public_html/app/code/core/Mage/Core/Block/Abstract.php(919): Mage_Core_Block_Template->_toHtml()
#31 /var/www/fullcare.vn/public_html/app/code/core/Mage/Core/Model/Layout.php(555): Mage_Core_Block_Abstract->toHtml()
#32 /var/www/fullcare.vn/public_html/app/code/core/Mage/Core/Controller/Varien/Action.php(390): Mage_Core_Model_Layout->getOutput()
#33 /var/www/fullcare.vn/public_html/app/code/core/Mage/Cms/Helper/Page.php(137): Mage_Core_Controller_Varien_Action->renderLayout()
#34 /var/www/fullcare.vn/public_html/app/code/core/Mage/Cms/Helper/Page.php(52): Mage_Cms_Helper_Page->_renderPage(Object(Mage_Cms_PageController), '15')
#35 /var/www/fullcare.vn/public_html/app/code/core/Mage/Cms/controllers/PageController.php(45): Mage_Cms_Helper_Page->renderPage(Object(Mage_Cms_PageController), '15')
#36 /var/www/fullcare.vn/public_html/app/code/core/Mage/Core/Controller/Varien/Action.php(418): Mage_Cms_PageController->viewAction()
#37 /var/www/fullcare.vn/public_html/app/code/core/Mage/Core/Controller/Varien/Router/Standard.php(254): Mage_Core_Controller_Varien_Action->dispatch('view')
#38 /var/www/fullcare.vn/public_html/app/code/core/Mage/Core/Controller/Varien/Front.php(172): Mage_Core_Controller_Varien_Router_Standard->match(Object(Mage_Core_Controller_Request_Http))
#39 /var/www/fullcare.vn/public_html/app/code/core/Mage/Core/Model/App.php(365): Mage_Core_Controller_Varien_Front->dispatch()
#40 /var/www/fullcare.vn/public_html/app/Mage.php(684): Mage_Core_Model_App->run(Array)
#41 /var/www/fullcare.vn/public_html/index.php(83): Mage::run('', 'store')
#42 {main}
2016-08-02T17:26:03+00:00 ERR (3): 
exception 'Mage_Core_Model_Store_Exception' in /var/www/fullcare.vn/public_html/app/code/core/Mage/Core/Model/App.php:1377
Stack trace:
#0 /var/www/fullcare.vn/public_html/app/code/core/Mage/Core/Model/App.php(861): Mage_Core_Model_App->throwStoreException()
#1 /var/www/fullcare.vn/public_html/app/code/core/Mage/Core/Model/Url.php(359): Mage_Core_Model_App->getStore('14')
#2 /var/www/fullcare.vn/public_html/app/code/core/Mage/Catalog/Model/Product/Url.php(223): Mage_Core_Model_Url->setStore('14')
#3 /var/www/fullcare.vn/public_html/app/code/core/Mage/Catalog/Model/Product/Url.php(147): Mage_Catalog_Model_Product_Url->getUrl(Object(Mage_Catalog_Model_Product), Array)
#4 /var/www/fullcare.vn/public_html/app/code/core/Mage/Catalog/Model/Product.php(1411): Mage_Catalog_Model_Product_Url->getProductUrl(Object(Mage_Catalog_Model_Product), NULL)
#5 /var/www/fullcare.vn/public_html/app/code/local/Sm/ListingExtend/Block/List.php(165): Mage_Catalog_Model_Product->getProductUrl()
#6 /var/www/fullcare.vn/public_html/app/design/frontend/sm_market/default/template/sm/listingextend/default.phtml(10): Sm_ListingExtend_Block_List->_getProducts()
#7 /var/www/fullcare.vn/public_html/app/code/core/Mage/Core/Block/Template.php(241): include('/var/www/fullca...')
#8 /var/www/fullcare.vn/public_html/app/code/core/Mage/Core/Block/Template.php(272): Mage_Core_Block_Template->fetchView('frontend/sm_mar...')
#9 /var/www/fullcare.vn/public_html/app/code/core/Mage/Core/Block/Template.php(286): Mage_Core_Block_Template->renderView()
#10 /var/www/fullcare.vn/public_html/app/code/local/Sm/ListingExtend/Block/List.php(95): Mage_Core_Block_Template->_toHtml()
#11 /var/www/fullcare.vn/public_html/app/code/core/Mage/Core/Block/Abstract.php(919): Sm_ListingExtend_Block_List->_toHtml()
#12 /var/www/fullcare.vn/public_html/app/code/core/Mage/Core/Model/Email/Template/Filter.php(208): Mage_Core_Block_Abstract->toHtml()
#13 [internal function]: Mage_Core_Model_Email_Template_Filter->blockDirective(Array)
#14 /var/www/fullcare.vn/public_html/lib/Varien/Filter/Template.php(163): call_user_func(Array, Array)
#15 /var/www/fullcare.vn/public_html/app/code/core/Mage/Core/Model/Email/Template/Filter.php(560): Varien_Filter_Template->filter('{{block type="l...')
#16 /var/www/fullcare.vn/public_html/app/code/core/Mage/Cms/Block/Page.php(101): Mage_Core_Model_Email_Template_Filter->filter('{{block type="l...')
#17 /var/www/fullcare.vn/public_html/app/code/core/Mage/Core/Block/Abstract.php(919): Mage_Cms_Block_Page->_toHtml()
#18 /var/www/fullcare.vn/public_html/app/code/core/Mage/Core/Block/Abstract.php(637): Mage_Core_Block_Abstract->toHtml()
#19 /var/www/fullcare.vn/public_html/app/code/core/Mage/Core/Block/Abstract.php(577): Mage_Core_Block_Abstract->_getChildHtml('cms_page', true)
#20 /var/www/fullcare.vn/public_html/app/code/core/Mage/Page/Block/Html/Wrapper.php(52): Mage_Core_Block_Abstract->getChildHtml('', true, true)
#21 /var/www/fullcare.vn/public_html/app/code/core/Mage/Core/Block/Abstract.php(919): Mage_Page_Block_Html_Wrapper->_toHtml()
#22 /var/www/fullcare.vn/public_html/app/code/core/Mage/Core/Block/Text/List.php(43): Mage_Core_Block_Abstract->toHtml()
#23 /var/www/fullcare.vn/public_html/app/code/core/Mage/Core/Block/Abstract.php(919): Mage_Core_Block_Text_List->_toHtml()
#24 /var/www/fullcare.vn/public_html/app/code/core/Mage/Core/Block/Abstract.php(637): Mage_Core_Block_Abstract->toHtml()
#25 /var/www/fullcare.vn/public_html/app/code/core/Mage/Core/Block/Abstract.php(581): Mage_Core_Block_Abstract->_getChildHtml('content', true)
#26 /var/www/fullcare.vn/public_html/app/design/frontend/sm_market/default/template/page/2columns-left.phtml(158): Mage_Core_Block_Abstract->getChildHtml('content')
#27 /var/www/fullcare.vn/public_html/app/code/core/Mage/Core/Block/Template.php(241): include('/var/www/fullca...')
#28 /var/www/fullcare.vn/public_html/app/code/core/Mage/Core/Block/Template.php(272): Mage_Core_Block_Template->fetchView('frontend/sm_mar...')
#29 /var/www/fullcare.vn/public_html/app/code/core/Mage/Core/Block/Template.php(286): Mage_Core_Block_Template->renderView()
#30 /var/www/fullcare.vn/public_html/app/code/core/Mage/Core/Block/Abstract.php(919): Mage_Core_Block_Template->_toHtml()
#31 /var/www/fullcare.vn/public_html/app/code/core/Mage/Core/Model/Layout.php(555): Mage_Core_Block_Abstract->toHtml()
#32 /var/www/fullcare.vn/public_html/app/code/core/Mage/Core/Controller/Varien/Action.php(390): Mage_Core_Model_Layout->getOutput()
#33 /var/www/fullcare.vn/public_html/app/code/core/Mage/Cms/Helper/Page.php(137): Mage_Core_Controller_Varien_Action->renderLayout()
#34 /var/www/fullcare.vn/public_html/app/code/core/Mage/Cms/Helper/Page.php(52): Mage_Cms_Helper_Page->_renderPage(Object(Mage_Cms_PageController), '15')
#35 /var/www/fullcare.vn/public_html/app/code/core/Mage/Cms/controllers/PageController.php(45): Mage_Cms_Helper_Page->renderPage(Object(Mage_Cms_PageController), '15')
#36 /var/www/fullcare.vn/public_html/app/code/core/Mage/Core/Controller/Varien/Action.php(418): Mage_Cms_PageController->viewAction()
#37 /var/www/fullcare.vn/public_html/app/code/core/Mage/Core/Controller/Varien/Router/Standard.php(254): Mage_Core_Controller_Varien_Action->dispatch('view')
#38 /var/www/fullcare.vn/public_html/app/code/core/Mage/Core/Controller/Varien/Front.php(172): Mage_Core_Controller_Varien_Router_Standard->match(Object(Mage_Core_Controller_Request_Http))
#39 /var/www/fullcare.vn/public_html/app/code/core/Mage/Core/Model/App.php(365): Mage_Core_Controller_Varien_Front->dispatch()
#40 /var/www/fullcare.vn/public_html/app/Mage.php(684): Mage_Core_Model_App->run(Array)
#41 /var/www/fullcare.vn/public_html/index.php(83): Mage::run('', 'store')
#42 {main}
2016-08-02T17:29:57+00:00 ERR (3): 
exception 'Mage_Core_Model_Store_Exception' in /var/www/fullcare.vn/public_html/app/code/core/Mage/Core/Model/App.php:1377
Stack trace:
#0 /var/www/fullcare.vn/public_html/app/code/core/Mage/Core/Model/App.php(861): Mage_Core_Model_App->throwStoreException()
#1 /var/www/fullcare.vn/public_html/app/code/core/Mage/Catalog/Model/Abstract.php(244): Mage_Core_Model_App->getStore('14')
#2 /var/www/fullcare.vn/public_html/app/code/core/Mage/Catalog/Model/Product/Type/Price.php(273): Mage_Catalog_Model_Abstract->getStore()
#3 /var/www/fullcare.vn/public_html/app/code/core/Mage/Catalog/Model/Product/Type/Price.php(62): Mage_Catalog_Model_Product_Type_Price->_applySpecialPrice(Object(Mage_Catalog_Model_Product), 0)
#4 /var/www/fullcare.vn/public_html/app/code/core/Mage/Catalog/Model/Product/Type/Price.php(80): Mage_Catalog_Model_Product_Type_Price->getBasePrice(Object(Mage_Catalog_Model_Product), NULL)
#5 /var/www/fullcare.vn/public_html/app/code/core/Mage/Catalog/Model/Product/Type/Grouped/Price.php(49): Mage_Catalog_Model_Product_Type_Price->getFinalPrice(NULL, Object(Mage_Catalog_Model_Product))
#6 /var/www/fullcare.vn/public_html/app/code/core/Mage/Catalog/Model/Product.php(712): Mage_Catalog_Model_Product_Type_Grouped_Price->getFinalPrice(NULL, Object(Mage_Catalog_Model_Product))
#7 /var/www/fullcare.vn/public_html/app/code/local/Sm/ListingExtend/Block/List.php(140): Mage_Catalog_Model_Product->getFinalPrice()
#8 /var/www/fullcare.vn/public_html/app/design/frontend/sm_market/default/template/sm/listingextend/default.phtml(10): Sm_ListingExtend_Block_List->_getProducts()
#9 /var/www/fullcare.vn/public_html/app/code/core/Mage/Core/Block/Template.php(241): include('/var/www/fullca...')
#10 /var/www/fullcare.vn/public_html/app/code/core/Mage/Core/Block/Template.php(272): Mage_Core_Block_Template->fetchView('frontend/sm_mar...')
#11 /var/www/fullcare.vn/public_html/app/code/core/Mage/Core/Block/Template.php(286): Mage_Core_Block_Template->renderView()
#12 /var/www/fullcare.vn/public_html/app/code/local/Sm/ListingExtend/Block/List.php(95): Mage_Core_Block_Template->_toHtml()
#13 /var/www/fullcare.vn/public_html/app/code/core/Mage/Core/Block/Abstract.php(919): Sm_ListingExtend_Block_List->_toHtml()
#14 /var/www/fullcare.vn/public_html/app/code/core/Mage/Core/Model/Email/Template/Filter.php(208): Mage_Core_Block_Abstract->toHtml()
#15 [internal function]: Mage_Core_Model_Email_Template_Filter->blockDirective(Array)
#16 /var/www/fullcare.vn/public_html/lib/Varien/Filter/Template.php(163): call_user_func(Array, Array)
#17 /var/www/fullcare.vn/public_html/app/code/core/Mage/Core/Model/Email/Template/Filter.php(560): Varien_Filter_Template->filter('{{block type="l...')
#18 /var/www/fullcare.vn/public_html/app/code/core/Mage/Cms/Block/Page.php(101): Mage_Core_Model_Email_Template_Filter->filter('{{block type="l...')
#19 /var/www/fullcare.vn/public_html/app/code/core/Mage/Core/Block/Abstract.php(919): Mage_Cms_Block_Page->_toHtml()
#20 /var/www/fullcare.vn/public_html/app/code/core/Mage/Core/Block/Abstract.php(637): Mage_Core_Block_Abstract->toHtml()
#21 /var/www/fullcare.vn/public_html/app/code/core/Mage/Core/Block/Abstract.php(577): Mage_Core_Block_Abstract->_getChildHtml('cms_page', true)
#22 /var/www/fullcare.vn/public_html/app/code/core/Mage/Page/Block/Html/Wrapper.php(52): Mage_Core_Block_Abstract->getChildHtml('', true, true)
#23 /var/www/fullcare.vn/public_html/app/code/core/Mage/Core/Block/Abstract.php(919): Mage_Page_Block_Html_Wrapper->_toHtml()
#24 /var/www/fullcare.vn/public_html/app/code/core/Mage/Core/Block/Text/List.php(43): Mage_Core_Block_Abstract->toHtml()
#25 /var/www/fullcare.vn/public_html/app/code/core/Mage/Core/Block/Abstract.php(919): Mage_Core_Block_Text_List->_toHtml()
#26 /var/www/fullcare.vn/public_html/app/code/core/Mage/Core/Block/Abstract.php(637): Mage_Core_Block_Abstract->toHtml()
#27 /var/www/fullcare.vn/public_html/app/code/core/Mage/Core/Block/Abstract.php(581): Mage_Core_Block_Abstract->_getChildHtml('content', true)
#28 /var/www/fullcare.vn/public_html/app/design/frontend/sm_market/default/template/page/2columns-left.phtml(158): Mage_Core_Block_Abstract->getChildHtml('content')
#29 /var/www/fullcare.vn/public_html/app/code/core/Mage/Core/Block/Template.php(241): include('/var/www/fullca...')
#30 /var/www/fullcare.vn/public_html/app/code/core/Mage/Core/Block/Template.php(272): Mage_Core_Block_Template->fetchView('frontend/sm_mar...')
#31 /var/www/fullcare.vn/public_html/app/code/core/Mage/Core/Block/Template.php(286): Mage_Core_Block_Template->renderView()
#32 /var/www/fullcare.vn/public_html/app/code/core/Mage/Core/Block/Abstract.php(919): Mage_Core_Block_Template->_toHtml()
#33 /var/www/fullcare.vn/public_html/app/code/core/Mage/Core/Model/Layout.php(555): Mage_Core_Block_Abstract->toHtml()
#34 /var/www/fullcare.vn/public_html/app/code/core/Mage/Core/Controller/Varien/Action.php(390): Mage_Core_Model_Layout->getOutput()
#35 /var/www/fullcare.vn/public_html/app/code/core/Mage/Cms/Helper/Page.php(137): Mage_Core_Controller_Varien_Action->renderLayout()
#36 /var/www/fullcare.vn/public_html/app/code/core/Mage/Cms/Helper/Page.php(52): Mage_Cms_Helper_Page->_renderPage(Object(Mage_Cms_PageController), '16')
#37 /var/www/fullcare.vn/public_html/app/code/core/Mage/Cms/controllers/PageController.php(45): Mage_Cms_Helper_Page->renderPage(Object(Mage_Cms_PageController), '16')
#38 /var/www/fullcare.vn/public_html/app/code/core/Mage/Core/Controller/Varien/Action.php(418): Mage_Cms_PageController->viewAction()
#39 /var/www/fullcare.vn/public_html/app/code/core/Mage/Core/Controller/Varien/Router/Standard.php(254): Mage_Core_Controller_Varien_Action->dispatch('view')
#40 /var/www/fullcare.vn/public_html/app/code/core/Mage/Core/Controller/Varien/Front.php(172): Mage_Core_Controller_Varien_Router_Standard->match(Object(Mage_Core_Controller_Request_Http))
#41 /var/www/fullcare.vn/public_html/app/code/core/Mage/Core/Model/App.php(365): Mage_Core_Controller_Varien_Front->dispatch()
#42 /var/www/fullcare.vn/public_html/app/Mage.php(684): Mage_Core_Model_App->run(Array)
#43 /var/www/fullcare.vn/public_html/index.php(83): Mage::run('', 'store')
#44 {main}
2016-08-03T15:42:23+00:00 ERR (3): 
exception 'Mage_Core_Model_Store_Exception' in /var/www/fullcare.vn/public_html/app/code/core/Mage/Core/Model/App.php:1377
Stack trace:
#0 /var/www/fullcare.vn/public_html/app/code/core/Mage/Core/Model/App.php(861): Mage_Core_Model_App->throwStoreException()
#1 /var/www/fullcare.vn/public_html/app/code/core/Mage/Core/Model/Url.php(359): Mage_Core_Model_App->getStore('14')
#2 /var/www/fullcare.vn/public_html/app/code/core/Mage/Catalog/Model/Product/Url.php(223): Mage_Core_Model_Url->setStore('14')
#3 /var/www/fullcare.vn/public_html/app/code/core/Mage/Catalog/Model/Product/Url.php(147): Mage_Catalog_Model_Product_Url->getUrl(Object(Mage_Catalog_Model_Product), Array)
#4 /var/www/fullcare.vn/public_html/app/code/core/Mage/Catalog/Model/Product.php(1411): Mage_Catalog_Model_Product_Url->getProductUrl(Object(Mage_Catalog_Model_Product), NULL)
#5 /var/www/fullcare.vn/public_html/app/code/local/Sm/ListingExtend/Block/List.php(165): Mage_Catalog_Model_Product->getProductUrl()
#6 /var/www/fullcare.vn/public_html/app/design/frontend/sm_market/default/template/sm/listingextend/default.phtml(10): Sm_ListingExtend_Block_List->_getProducts()
#7 /var/www/fullcare.vn/public_html/app/code/core/Mage/Core/Block/Template.php(241): include('/var/www/fullca...')
#8 /var/www/fullcare.vn/public_html/app/code/core/Mage/Core/Block/Template.php(272): Mage_Core_Block_Template->fetchView('frontend/sm_mar...')
#9 /var/www/fullcare.vn/public_html/app/code/core/Mage/Core/Block/Template.php(286): Mage_Core_Block_Template->renderView()
#10 /var/www/fullcare.vn/public_html/app/code/local/Sm/ListingExtend/Block/List.php(95): Mage_Core_Block_Template->_toHtml()
#11 /var/www/fullcare.vn/public_html/app/code/core/Mage/Core/Block/Abstract.php(919): Sm_ListingExtend_Block_List->_toHtml()
#12 /var/www/fullcare.vn/public_html/app/code/core/Mage/Core/Model/Email/Template/Filter.php(208): Mage_Core_Block_Abstract->toHtml()
#13 [internal function]: Mage_Core_Model_Email_Template_Filter->blockDirective(Array)
#14 /var/www/fullcare.vn/public_html/lib/Varien/Filter/Template.php(163): call_user_func(Array, Array)
#15 /var/www/fullcare.vn/public_html/app/code/core/Mage/Core/Model/Email/Template/Filter.php(560): Varien_Filter_Template->filter('{{block type="l...')
#16 /var/www/fullcare.vn/public_html/app/code/core/Mage/Cms/Block/Page.php(101): Mage_Core_Model_Email_Template_Filter->filter('{{block type="l...')
#17 /var/www/fullcare.vn/public_html/app/code/core/Mage/Core/Block/Abstract.php(919): Mage_Cms_Block_Page->_toHtml()
#18 /var/www/fullcare.vn/public_html/app/code/core/Mage/Core/Block/Abstract.php(637): Mage_Core_Block_Abstract->toHtml()
#19 /var/www/fullcare.vn/public_html/app/code/core/Mage/Core/Block/Abstract.php(577): Mage_Core_Block_Abstract->_getChildHtml('cms_page', true)
#20 /var/www/fullcare.vn/public_html/app/code/core/Mage/Page/Block/Html/Wrapper.php(52): Mage_Core_Block_Abstract->getChildHtml('', true, true)
#21 /var/www/fullcare.vn/public_html/app/code/core/Mage/Core/Block/Abstract.php(919): Mage_Page_Block_Html_Wrapper->_toHtml()
#22 /var/www/fullcare.vn/public_html/app/code/core/Mage/Core/Block/Text/List.php(43): Mage_Core_Block_Abstract->toHtml()
#23 /var/www/fullcare.vn/public_html/app/code/core/Mage/Core/Block/Abstract.php(919): Mage_Core_Block_Text_List->_toHtml()
#24 /var/www/fullcare.vn/public_html/app/code/core/Mage/Core/Block/Abstract.php(637): Mage_Core_Block_Abstract->toHtml()
#25 /var/www/fullcare.vn/public_html/app/code/core/Mage/Core/Block/Abstract.php(581): Mage_Core_Block_Abstract->_getChildHtml('content', true)
#26 /var/www/fullcare.vn/public_html/app/design/frontend/sm_market/default/template/page/2columns-left.phtml(158): Mage_Core_Block_Abstract->getChildHtml('content')
#27 /var/www/fullcare.vn/public_html/app/code/core/Mage/Core/Block/Template.php(241): include('/var/www/fullca...')
#28 /var/www/fullcare.vn/public_html/app/code/core/Mage/Core/Block/Template.php(272): Mage_Core_Block_Template->fetchView('frontend/sm_mar...')
#29 /var/www/fullcare.vn/public_html/app/code/core/Mage/Core/Block/Template.php(286): Mage_Core_Block_Template->renderView()
#30 /var/www/fullcare.vn/public_html/app/code/core/Mage/Core/Block/Abstract.php(919): Mage_Core_Block_Template->_toHtml()
#31 /var/www/fullcare.vn/public_html/app/code/core/Mage/Core/Model/Layout.php(555): Mage_Core_Block_Abstract->toHtml()
#32 /var/www/fullcare.vn/public_html/app/code/core/Mage/Core/Controller/Varien/Action.php(390): Mage_Core_Model_Layout->getOutput()
#33 /var/www/fullcare.vn/public_html/app/code/core/Mage/Cms/Helper/Page.php(137): Mage_Core_Controller_Varien_Action->renderLayout()
#34 /var/www/fullcare.vn/public_html/app/code/core/Mage/Cms/Helper/Page.php(52): Mage_Cms_Helper_Page->_renderPage(Object(Mage_Cms_PageController), '15')
#35 /var/www/fullcare.vn/public_html/app/code/core/Mage/Cms/controllers/PageController.php(45): Mage_Cms_Helper_Page->renderPage(Object(Mage_Cms_PageController), '15')
#36 /var/www/fullcare.vn/public_html/app/code/core/Mage/Core/Controller/Varien/Action.php(418): Mage_Cms_PageController->viewAction()
#37 /var/www/fullcare.vn/public_html/app/code/core/Mage/Core/Controller/Varien/Router/Standard.php(254): Mage_Core_Controller_Varien_Action->dispatch('view')
#38 /var/www/fullcare.vn/public_html/app/code/core/Mage/Core/Controller/Varien/Front.php(172): Mage_Core_Controller_Varien_Router_Standard->match(Object(Mage_Core_Controller_Request_Http))
#39 /var/www/fullcare.vn/public_html/app/code/core/Mage/Core/Model/App.php(365): Mage_Core_Controller_Varien_Front->dispatch()
#40 /var/www/fullcare.vn/public_html/app/Mage.php(684): Mage_Core_Model_App->run(Array)
#41 /var/www/fullcare.vn/public_html/index.php(83): Mage::run('', 'store')
#42 {main}
2016-08-03T15:52:35+00:00 ERR (3): 
exception 'Mage_Core_Model_Store_Exception' in /var/www/fullcare.vn/public_html/app/code/core/Mage/Core/Model/App.php:1377
Stack trace:
#0 /var/www/fullcare.vn/public_html/app/code/core/Mage/Core/Model/App.php(861): Mage_Core_Model_App->throwStoreException()
#1 /var/www/fullcare.vn/public_html/app/code/core/Mage/Catalog/Model/Abstract.php(244): Mage_Core_Model_App->getStore('14')
#2 /var/www/fullcare.vn/public_html/app/code/core/Mage/Catalog/Model/Product/Type/Price.php(273): Mage_Catalog_Model_Abstract->getStore()
#3 /var/www/fullcare.vn/public_html/app/code/core/Mage/Catalog/Model/Product/Type/Price.php(62): Mage_Catalog_Model_Product_Type_Price->_applySpecialPrice(Object(Mage_Catalog_Model_Product), 0)
#4 /var/www/fullcare.vn/public_html/app/code/core/Mage/Catalog/Model/Product/Type/Price.php(80): Mage_Catalog_Model_Product_Type_Price->getBasePrice(Object(Mage_Catalog_Model_Product), NULL)
#5 /var/www/fullcare.vn/public_html/app/code/core/Mage/Catalog/Model/Product/Type/Grouped/Price.php(49): Mage_Catalog_Model_Product_Type_Price->getFinalPrice(NULL, Object(Mage_Catalog_Model_Product))
#6 /var/www/fullcare.vn/public_html/app/code/core/Mage/Catalog/Model/Product.php(712): Mage_Catalog_Model_Product_Type_Grouped_Price->getFinalPrice(NULL, Object(Mage_Catalog_Model_Product))
#7 /var/www/fullcare.vn/public_html/app/code/local/Sm/ListingExtend/Block/List.php(140): Mage_Catalog_Model_Product->getFinalPrice()
#8 /var/www/fullcare.vn/public_html/app/design/frontend/sm_market/default/template/sm/listingextend/default.phtml(10): Sm_ListingExtend_Block_List->_getProducts()
#9 /var/www/fullcare.vn/public_html/app/code/core/Mage/Core/Block/Template.php(241): include('/var/www/fullca...')
#10 /var/www/fullcare.vn/public_html/app/code/core/Mage/Core/Block/Template.php(272): Mage_Core_Block_Template->fetchView('frontend/sm_mar...')
#11 /var/www/fullcare.vn/public_html/app/code/core/Mage/Core/Block/Template.php(286): Mage_Core_Block_Template->renderView()
#12 /var/www/fullcare.vn/public_html/app/code/local/Sm/ListingExtend/Block/List.php(95): Mage_Core_Block_Template->_toHtml()
#13 /var/www/fullcare.vn/public_html/app/code/core/Mage/Core/Block/Abstract.php(919): Sm_ListingExtend_Block_List->_toHtml()
#14 /var/www/fullcare.vn/public_html/app/code/core/Mage/Core/Model/Email/Template/Filter.php(208): Mage_Core_Block_Abstract->toHtml()
#15 [internal function]: Mage_Core_Model_Email_Template_Filter->blockDirective(Array)
#16 /var/www/fullcare.vn/public_html/lib/Varien/Filter/Template.php(163): call_user_func(Array, Array)
#17 /var/www/fullcare.vn/public_html/app/code/core/Mage/Core/Model/Email/Template/Filter.php(560): Varien_Filter_Template->filter('{{block type="l...')
#18 /var/www/fullcare.vn/public_html/app/code/core/Mage/Cms/Block/Page.php(101): Mage_Core_Model_Email_Template_Filter->filter('{{block type="l...')
#19 /var/www/fullcare.vn/public_html/app/code/core/Mage/Core/Block/Abstract.php(919): Mage_Cms_Block_Page->_toHtml()
#20 /var/www/fullcare.vn/public_html/app/code/core/Mage/Core/Block/Abstract.php(637): Mage_Core_Block_Abstract->toHtml()
#21 /var/www/fullcare.vn/public_html/app/code/core/Mage/Core/Block/Abstract.php(577): Mage_Core_Block_Abstract->_getChildHtml('cms_page', true)
#22 /var/www/fullcare.vn/public_html/app/code/core/Mage/Page/Block/Html/Wrapper.php(52): Mage_Core_Block_Abstract->getChildHtml('', true, true)
#23 /var/www/fullcare.vn/public_html/app/code/core/Mage/Core/Block/Abstract.php(919): Mage_Page_Block_Html_Wrapper->_toHtml()
#24 /var/www/fullcare.vn/public_html/app/code/core/Mage/Core/Block/Text/List.php(43): Mage_Core_Block_Abstract->toHtml()
#25 /var/www/fullcare.vn/public_html/app/code/core/Mage/Core/Block/Abstract.php(919): Mage_Core_Block_Text_List->_toHtml()
#26 /var/www/fullcare.vn/public_html/app/code/core/Mage/Core/Block/Abstract.php(637): Mage_Core_Block_Abstract->toHtml()
#27 /var/www/fullcare.vn/public_html/app/code/core/Mage/Core/Block/Abstract.php(581): Mage_Core_Block_Abstract->_getChildHtml('content', true)
#28 /var/www/fullcare.vn/public_html/app/design/frontend/sm_market/default/template/page/2columns-left.phtml(158): Mage_Core_Block_Abstract->getChildHtml('content')
#29 /var/www/fullcare.vn/public_html/app/code/core/Mage/Core/Block/Template.php(241): include('/var/www/fullca...')
#30 /var/www/fullcare.vn/public_html/app/code/core/Mage/Core/Block/Template.php(272): Mage_Core_Block_Template->fetchView('frontend/sm_mar...')
#31 /var/www/fullcare.vn/public_html/app/code/core/Mage/Core/Block/Template.php(286): Mage_Core_Block_Template->renderView()
#32 /var/www/fullcare.vn/public_html/app/code/core/Mage/Core/Block/Abstract.php(919): Mage_Core_Block_Template->_toHtml()
#33 /var/www/fullcare.vn/public_html/app/code/core/Mage/Core/Model/Layout.php(555): Mage_Core_Block_Abstract->toHtml()
#34 /var/www/fullcare.vn/public_html/app/code/core/Mage/Core/Controller/Varien/Action.php(390): Mage_Core_Model_Layout->getOutput()
#35 /var/www/fullcare.vn/public_html/app/code/core/Mage/Cms/Helper/Page.php(137): Mage_Core_Controller_Varien_Action->renderLayout()
#36 /var/www/fullcare.vn/public_html/app/code/core/Mage/Cms/Helper/Page.php(52): Mage_Cms_Helper_Page->_renderPage(Object(Mage_Cms_PageController), '16')
#37 /var/www/fullcare.vn/public_html/app/code/core/Mage/Cms/controllers/PageController.php(45): Mage_Cms_Helper_Page->renderPage(Object(Mage_Cms_PageController), '16')
#38 /var/www/fullcare.vn/public_html/app/code/core/Mage/Core/Controller/Varien/Action.php(418): Mage_Cms_PageController->viewAction()
#39 /var/www/fullcare.vn/public_html/app/code/core/Mage/Core/Controller/Varien/Router/Standard.php(254): Mage_Core_Controller_Varien_Action->dispatch('view')
#40 /var/www/fullcare.vn/public_html/app/code/core/Mage/Core/Controller/Varien/Front.php(172): Mage_Core_Controller_Varien_Router_Standard->match(Object(Mage_Core_Controller_Request_Http))
#41 /var/www/fullcare.vn/public_html/app/code/core/Mage/Core/Model/App.php(365): Mage_Core_Controller_Varien_Front->dispatch()
#42 /var/www/fullcare.vn/public_html/app/Mage.php(684): Mage_Core_Model_App->run(Array)
#43 /var/www/fullcare.vn/public_html/index.php(83): Mage::run('', 'store')
#44 {main}
2016-08-04T11:25:31+00:00 ERR (3): 
exception 'Mage_Core_Model_Store_Exception' in /var/www/fullcare.vn/public_html/app/code/core/Mage/Core/Model/App.php:1377
Stack trace:
#0 /var/www/fullcare.vn/public_html/app/code/core/Mage/Core/Model/App.php(861): Mage_Core_Model_App->throwStoreException()
#1 /var/www/fullcare.vn/public_html/app/code/core/Mage/Core/Model/Url.php(359): Mage_Core_Model_App->getStore('14')
#2 /var/www/fullcare.vn/public_html/app/code/core/Mage/Catalog/Model/Product/Url.php(223): Mage_Core_Model_Url->setStore('14')
#3 /var/www/fullcare.vn/public_html/app/code/core/Mage/Catalog/Model/Product/Url.php(147): Mage_Catalog_Model_Product_Url->getUrl(Object(Mage_Catalog_Model_Product), Array)
#4 /var/www/fullcare.vn/public_html/app/code/core/Mage/Catalog/Model/Product.php(1411): Mage_Catalog_Model_Product_Url->getProductUrl(Object(Mage_Catalog_Model_Product), NULL)
#5 /var/www/fullcare.vn/public_html/app/code/local/Sm/ListingExtend/Block/List.php(165): Mage_Catalog_Model_Product->getProductUrl()
#6 /var/www/fullcare.vn/public_html/app/design/frontend/sm_market/default/template/sm/listingextend/default.phtml(10): Sm_ListingExtend_Block_List->_getProducts()
#7 /var/www/fullcare.vn/public_html/app/code/core/Mage/Core/Block/Template.php(241): include('/var/www/fullca...')
#8 /var/www/fullcare.vn/public_html/app/code/core/Mage/Core/Block/Template.php(272): Mage_Core_Block_Template->fetchView('frontend/sm_mar...')
#9 /var/www/fullcare.vn/public_html/app/code/core/Mage/Core/Block/Template.php(286): Mage_Core_Block_Template->renderView()
#10 /var/www/fullcare.vn/public_html/app/code/local/Sm/ListingExtend/Block/List.php(95): Mage_Core_Block_Template->_toHtml()
#11 /var/www/fullcare.vn/public_html/app/code/core/Mage/Core/Block/Abstract.php(919): Sm_ListingExtend_Block_List->_toHtml()
#12 /var/www/fullcare.vn/public_html/app/code/core/Mage/Core/Model/Email/Template/Filter.php(208): Mage_Core_Block_Abstract->toHtml()
#13 [internal function]: Mage_Core_Model_Email_Template_Filter->blockDirective(Array)
#14 /var/www/fullcare.vn/public_html/lib/Varien/Filter/Template.php(163): call_user_func(Array, Array)
#15 /var/www/fullcare.vn/public_html/app/code/core/Mage/Core/Model/Email/Template/Filter.php(560): Varien_Filter_Template->filter('{{block type="l...')
#16 /var/www/fullcare.vn/public_html/app/code/core/Mage/Cms/Block/Page.php(101): Mage_Core_Model_Email_Template_Filter->filter('{{block type="l...')
#17 /var/www/fullcare.vn/public_html/app/code/core/Mage/Core/Block/Abstract.php(919): Mage_Cms_Block_Page->_toHtml()
#18 /var/www/fullcare.vn/public_html/app/code/core/Mage/Core/Block/Abstract.php(637): Mage_Core_Block_Abstract->toHtml()
#19 /var/www/fullcare.vn/public_html/app/code/core/Mage/Core/Block/Abstract.php(577): Mage_Core_Block_Abstract->_getChildHtml('cms_page', true)
#20 /var/www/fullcare.vn/public_html/app/code/core/Mage/Page/Block/Html/Wrapper.php(52): Mage_Core_Block_Abstract->getChildHtml('', true, true)
#21 /var/www/fullcare.vn/public_html/app/code/core/Mage/Core/Block/Abstract.php(919): Mage_Page_Block_Html_Wrapper->_toHtml()
#22 /var/www/fullcare.vn/public_html/app/code/core/Mage/Core/Block/Text/List.php(43): Mage_Core_Block_Abstract->toHtml()
#23 /var/www/fullcare.vn/public_html/app/code/core/Mage/Core/Block/Abstract.php(919): Mage_Core_Block_Text_List->_toHtml()
#24 /var/www/fullcare.vn/public_html/app/code/core/Mage/Core/Block/Abstract.php(637): Mage_Core_Block_Abstract->toHtml()
#25 /var/www/fullcare.vn/public_html/app/code/core/Mage/Core/Block/Abstract.php(581): Mage_Core_Block_Abstract->_getChildHtml('content', true)
#26 /var/www/fullcare.vn/public_html/app/design/frontend/sm_market/default/template/page/2columns-left.phtml(158): Mage_Core_Block_Abstract->getChildHtml('content')
#27 /var/www/fullcare.vn/public_html/app/code/core/Mage/Core/Block/Template.php(241): include('/var/www/fullca...')
#28 /var/www/fullcare.vn/public_html/app/code/core/Mage/Core/Block/Template.php(272): Mage_Core_Block_Template->fetchView('frontend/sm_mar...')
#29 /var/www/fullcare.vn/public_html/app/code/core/Mage/Core/Block/Template.php(286): Mage_Core_Block_Template->renderView()
#30 /var/www/fullcare.vn/public_html/app/code/core/Mage/Core/Block/Abstract.php(919): Mage_Core_Block_Template->_toHtml()
#31 /var/www/fullcare.vn/public_html/app/code/core/Mage/Core/Model/Layout.php(555): Mage_Core_Block_Abstract->toHtml()
#32 /var/www/fullcare.vn/public_html/app/code/core/Mage/Core/Controller/Varien/Action.php(390): Mage_Core_Model_Layout->getOutput()
#33 /var/www/fullcare.vn/public_html/app/code/core/Mage/Cms/Helper/Page.php(137): Mage_Core_Controller_Varien_Action->renderLayout()
#34 /var/www/fullcare.vn/public_html/app/code/core/Mage/Cms/Helper/Page.php(52): Mage_Cms_Helper_Page->_renderPage(Object(Mage_Cms_PageController), '15')
#35 /var/www/fullcare.vn/public_html/app/code/core/Mage/Cms/controllers/PageController.php(45): Mage_Cms_Helper_Page->renderPage(Object(Mage_Cms_PageController), '15')
#36 /var/www/fullcare.vn/public_html/app/code/core/Mage/Core/Controller/Varien/Action.php(418): Mage_Cms_PageController->viewAction()
#37 /var/www/fullcare.vn/public_html/app/code/core/Mage/Core/Controller/Varien/Router/Standard.php(254): Mage_Core_Controller_Varien_Action->dispatch('view')
#38 /var/www/fullcare.vn/public_html/app/code/core/Mage/Core/Controller/Varien/Front.php(172): Mage_Core_Controller_Varien_Router_Standard->match(Object(Mage_Core_Controller_Request_Http))
#39 /var/www/fullcare.vn/public_html/app/code/core/Mage/Core/Model/App.php(365): Mage_Core_Controller_Varien_Front->dispatch()
#40 /var/www/fullcare.vn/public_html/app/Mage.php(684): Mage_Core_Model_App->run(Array)
#41 /var/www/fullcare.vn/public_html/index.php(83): Mage::run('', 'store')
#42 {main}
2016-08-05T20:12:57+00:00 ERR (3): 
exception 'Mage_Core_Model_Store_Exception' in /var/www/fullcare.vn/public_html/app/code/core/Mage/Core/Model/App.php:1377
Stack trace:
#0 /var/www/fullcare.vn/public_html/app/code/core/Mage/Core/Model/App.php(861): Mage_Core_Model_App->throwStoreException()
#1 /var/www/fullcare.vn/public_html/app/code/core/Mage/Core/Model/Url.php(359): Mage_Core_Model_App->getStore('14')
#2 /var/www/fullcare.vn/public_html/app/code/core/Mage/Catalog/Model/Product/Url.php(223): Mage_Core_Model_Url->setStore('14')
#3 /var/www/fullcare.vn/public_html/app/code/core/Mage/Catalog/Model/Product/Url.php(147): Mage_Catalog_Model_Product_Url->getUrl(Object(Mage_Catalog_Model_Product), Array)
#4 /var/www/fullcare.vn/public_html/app/code/core/Mage/Catalog/Model/Product.php(1411): Mage_Catalog_Model_Product_Url->getProductUrl(Object(Mage_Catalog_Model_Product), NULL)
#5 /var/www/fullcare.vn/public_html/app/code/local/Sm/ListingExtend/Block/List.php(165): Mage_Catalog_Model_Product->getProductUrl()
#6 /var/www/fullcare.vn/public_html/app/design/frontend/sm_market/default/template/sm/listingextend/default.phtml(10): Sm_ListingExtend_Block_List->_getProducts()
#7 /var/www/fullcare.vn/public_html/app/code/core/Mage/Core/Block/Template.php(241): include('/var/www/fullca...')
#8 /var/www/fullcare.vn/public_html/app/code/core/Mage/Core/Block/Template.php(272): Mage_Core_Block_Template->fetchView('frontend/sm_mar...')
#9 /var/www/fullcare.vn/public_html/app/code/core/Mage/Core/Block/Template.php(286): Mage_Core_Block_Template->renderView()
#10 /var/www/fullcare.vn/public_html/app/code/local/Sm/ListingExtend/Block/List.php(95): Mage_Core_Block_Template->_toHtml()
#11 /var/www/fullcare.vn/public_html/app/code/core/Mage/Core/Block/Abstract.php(919): Sm_ListingExtend_Block_List->_toHtml()
#12 /var/www/fullcare.vn/public_html/app/code/core/Mage/Core/Model/Email/Template/Filter.php(208): Mage_Core_Block_Abstract->toHtml()
#13 [internal function]: Mage_Core_Model_Email_Template_Filter->blockDirective(Array)
#14 /var/www/fullcare.vn/public_html/lib/Varien/Filter/Template.php(163): call_user_func(Array, Array)
#15 /var/www/fullcare.vn/public_html/app/code/core/Mage/Core/Model/Email/Template/Filter.php(560): Varien_Filter_Template->filter('{{block type="l...')
#16 /var/www/fullcare.vn/public_html/app/code/core/Mage/Cms/Block/Page.php(101): Mage_Core_Model_Email_Template_Filter->filter('{{block type="l...')
#17 /var/www/fullcare.vn/public_html/app/code/core/Mage/Core/Block/Abstract.php(919): Mage_Cms_Block_Page->_toHtml()
#18 /var/www/fullcare.vn/public_html/app/code/core/Mage/Core/Block/Abstract.php(637): Mage_Core_Block_Abstract->toHtml()
#19 /var/www/fullcare.vn/public_html/app/code/core/Mage/Core/Block/Abstract.php(577): Mage_Core_Block_Abstract->_getChildHtml('cms_page', true)
#20 /var/www/fullcare.vn/public_html/app/code/core/Mage/Page/Block/Html/Wrapper.php(52): Mage_Core_Block_Abstract->getChildHtml('', true, true)
#21 /var/www/fullcare.vn/public_html/app/code/core/Mage/Core/Block/Abstract.php(919): Mage_Page_Block_Html_Wrapper->_toHtml()
#22 /var/www/fullcare.vn/public_html/app/code/core/Mage/Core/Block/Text/List.php(43): Mage_Core_Block_Abstract->toHtml()
#23 /var/www/fullcare.vn/public_html/app/code/core/Mage/Core/Block/Abstract.php(919): Mage_Core_Block_Text_List->_toHtml()
#24 /var/www/fullcare.vn/public_html/app/code/core/Mage/Core/Block/Abstract.php(637): Mage_Core_Block_Abstract->toHtml()
#25 /var/www/fullcare.vn/public_html/app/code/core/Mage/Core/Block/Abstract.php(581): Mage_Core_Block_Abstract->_getChildHtml('content', true)
#26 /var/www/fullcare.vn/public_html/app/design/frontend/sm_market/default/template/page/2columns-left.phtml(158): Mage_Core_Block_Abstract->getChildHtml('content')
#27 /var/www/fullcare.vn/public_html/app/code/core/Mage/Core/Block/Template.php(241): include('/var/www/fullca...')
#28 /var/www/fullcare.vn/public_html/app/code/core/Mage/Core/Block/Template.php(272): Mage_Core_Block_Template->fetchView('frontend/sm_mar...')
#29 /var/www/fullcare.vn/public_html/app/code/core/Mage/Core/Block/Template.php(286): Mage_Core_Block_Template->renderView()
#30 /var/www/fullcare.vn/public_html/app/code/core/Mage/Core/Block/Abstract.php(919): Mage_Core_Block_Template->_toHtml()
#31 /var/www/fullcare.vn/public_html/app/code/core/Mage/Core/Model/Layout.php(555): Mage_Core_Block_Abstract->toHtml()
#32 /var/www/fullcare.vn/public_html/app/code/core/Mage/Core/Controller/Varien/Action.php(390): Mage_Core_Model_Layout->getOutput()
#33 /var/www/fullcare.vn/public_html/app/code/core/Mage/Cms/Helper/Page.php(137): Mage_Core_Controller_Varien_Action->renderLayout()
#34 /var/www/fullcare.vn/public_html/app/code/core/Mage/Cms/Helper/Page.php(52): Mage_Cms_Helper_Page->_renderPage(Object(Mage_Cms_PageController), '15')
#35 /var/www/fullcare.vn/public_html/app/code/core/Mage/Cms/controllers/PageController.php(45): Mage_Cms_Helper_Page->renderPage(Object(Mage_Cms_PageController), '15')
#36 /var/www/fullcare.vn/public_html/app/code/core/Mage/Core/Controller/Varien/Action.php(418): Mage_Cms_PageController->viewAction()
#37 /var/www/fullcare.vn/public_html/app/code/core/Mage/Core/Controller/Varien/Router/Standard.php(254): Mage_Core_Controller_Varien_Action->dispatch('view')
#38 /var/www/fullcare.vn/public_html/app/code/core/Mage/Core/Controller/Varien/Front.php(172): Mage_Core_Controller_Varien_Router_Standard->match(Object(Mage_Core_Controller_Request_Http))
#39 /var/www/fullcare.vn/public_html/app/code/core/Mage/Core/Model/App.php(365): Mage_Core_Controller_Varien_Front->dispatch()
#40 /var/www/fullcare.vn/public_html/app/Mage.php(684): Mage_Core_Model_App->run(Array)
#41 /var/www/fullcare.vn/public_html/index.php(83): Mage::run('', 'store')
#42 {main}
2016-08-06T14:55:41+00:00 ERR (3): 
exception 'Mage_Core_Model_Store_Exception' in /var/www/fullcare.vn/public_html/app/code/core/Mage/Core/Model/App.php:1377
Stack trace:
#0 /var/www/fullcare.vn/public_html/app/code/core/Mage/Core/Model/App.php(861): Mage_Core_Model_App->throwStoreException()
#1 /var/www/fullcare.vn/public_html/app/code/core/Mage/Core/Model/Url.php(359): Mage_Core_Model_App->getStore('14')
#2 /var/www/fullcare.vn/public_html/app/code/core/Mage/Catalog/Model/Product/Url.php(223): Mage_Core_Model_Url->setStore('14')
#3 /var/www/fullcare.vn/public_html/app/code/core/Mage/Catalog/Model/Product/Url.php(147): Mage_Catalog_Model_Product_Url->getUrl(Object(Mage_Catalog_Model_Product), Array)
#4 /var/www/fullcare.vn/public_html/app/code/core/Mage/Catalog/Model/Product.php(1411): Mage_Catalog_Model_Product_Url->getProductUrl(Object(Mage_Catalog_Model_Product), NULL)
#5 /var/www/fullcare.vn/public_html/app/code/local/Sm/ListingExtend/Block/List.php(165): Mage_Catalog_Model_Product->getProductUrl()
#6 /var/www/fullcare.vn/public_html/app/design/frontend/sm_market/default/template/sm/listingextend/default.phtml(10): Sm_ListingExtend_Block_List->_getProducts()
#7 /var/www/fullcare.vn/public_html/app/code/core/Mage/Core/Block/Template.php(241): include('/var/www/fullca...')
#8 /var/www/fullcare.vn/public_html/app/code/core/Mage/Core/Block/Template.php(272): Mage_Core_Block_Template->fetchView('frontend/sm_mar...')
#9 /var/www/fullcare.vn/public_html/app/code/core/Mage/Core/Block/Template.php(286): Mage_Core_Block_Template->renderView()
#10 /var/www/fullcare.vn/public_html/app/code/local/Sm/ListingExtend/Block/List.php(95): Mage_Core_Block_Template->_toHtml()
#11 /var/www/fullcare.vn/public_html/app/code/core/Mage/Core/Block/Abstract.php(919): Sm_ListingExtend_Block_List->_toHtml()
#12 /var/www/fullcare.vn/public_html/app/code/core/Mage/Core/Model/Email/Template/Filter.php(208): Mage_Core_Block_Abstract->toHtml()
#13 [internal function]: Mage_Core_Model_Email_Template_Filter->blockDirective(Array)
#14 /var/www/fullcare.vn/public_html/lib/Varien/Filter/Template.php(163): call_user_func(Array, Array)
#15 /var/www/fullcare.vn/public_html/app/code/core/Mage/Core/Model/Email/Template/Filter.php(560): Varien_Filter_Template->filter('{{block type="l...')
#16 /var/www/fullcare.vn/public_html/app/code/core/Mage/Cms/Block/Page.php(101): Mage_Core_Model_Email_Template_Filter->filter('{{block type="l...')
#17 /var/www/fullcare.vn/public_html/app/code/core/Mage/Core/Block/Abstract.php(919): Mage_Cms_Block_Page->_toHtml()
#18 /var/www/fullcare.vn/public_html/app/code/core/Mage/Core/Block/Abstract.php(637): Mage_Core_Block_Abstract->toHtml()
#19 /var/www/fullcare.vn/public_html/app/code/core/Mage/Core/Block/Abstract.php(577): Mage_Core_Block_Abstract->_getChildHtml('cms_page', true)
#20 /var/www/fullcare.vn/public_html/app/code/core/Mage/Page/Block/Html/Wrapper.php(52): Mage_Core_Block_Abstract->getChildHtml('', true, true)
#21 /var/www/fullcare.vn/public_html/app/code/core/Mage/Core/Block/Abstract.php(919): Mage_Page_Block_Html_Wrapper->_toHtml()
#22 /var/www/fullcare.vn/public_html/app/code/core/Mage/Core/Block/Text/List.php(43): Mage_Core_Block_Abstract->toHtml()
#23 /var/www/fullcare.vn/public_html/app/code/core/Mage/Core/Block/Abstract.php(919): Mage_Core_Block_Text_List->_toHtml()
#24 /var/www/fullcare.vn/public_html/app/code/core/Mage/Core/Block/Abstract.php(637): Mage_Core_Block_Abstract->toHtml()
#25 /var/www/fullcare.vn/public_html/app/code/core/Mage/Core/Block/Abstract.php(581): Mage_Core_Block_Abstract->_getChildHtml('content', true)
#26 /var/www/fullcare.vn/public_html/app/design/frontend/sm_market/default/template/page/2columns-left.phtml(158): Mage_Core_Block_Abstract->getChildHtml('content')
#27 /var/www/fullcare.vn/public_html/app/code/core/Mage/Core/Block/Template.php(241): include('/var/www/fullca...')
#28 /var/www/fullcare.vn/public_html/app/code/core/Mage/Core/Block/Template.php(272): Mage_Core_Block_Template->fetchView('frontend/sm_mar...')
#29 /var/www/fullcare.vn/public_html/app/code/core/Mage/Core/Block/Template.php(286): Mage_Core_Block_Template->renderView()
#30 /var/www/fullcare.vn/public_html/app/code/core/Mage/Core/Block/Abstract.php(919): Mage_Core_Block_Template->_toHtml()
#31 /var/www/fullcare.vn/public_html/app/code/core/Mage/Core/Model/Layout.php(555): Mage_Core_Block_Abstract->toHtml()
#32 /var/www/fullcare.vn/public_html/app/code/core/Mage/Core/Controller/Varien/Action.php(390): Mage_Core_Model_Layout->getOutput()
#33 /var/www/fullcare.vn/public_html/app/code/core/Mage/Cms/Helper/Page.php(137): Mage_Core_Controller_Varien_Action->renderLayout()
#34 /var/www/fullcare.vn/public_html/app/code/core/Mage/Cms/Helper/Page.php(52): Mage_Cms_Helper_Page->_renderPage(Object(Mage_Cms_PageController), '15')
#35 /var/www/fullcare.vn/public_html/app/code/core/Mage/Cms/controllers/PageController.php(45): Mage_Cms_Helper_Page->renderPage(Object(Mage_Cms_PageController), '15')
#36 /var/www/fullcare.vn/public_html/app/code/core/Mage/Core/Controller/Varien/Action.php(418): Mage_Cms_PageController->viewAction()
#37 /var/www/fullcare.vn/public_html/app/code/core/Mage/Core/Controller/Varien/Router/Standard.php(254): Mage_Core_Controller_Varien_Action->dispatch('view')
#38 /var/www/fullcare.vn/public_html/app/code/core/Mage/Core/Controller/Varien/Front.php(172): Mage_Core_Controller_Varien_Router_Standard->match(Object(Mage_Core_Controller_Request_Http))
#39 /var/www/fullcare.vn/public_html/app/code/core/Mage/Core/Model/App.php(365): Mage_Core_Controller_Varien_Front->dispatch()
#40 /var/www/fullcare.vn/public_html/app/Mage.php(684): Mage_Core_Model_App->run(Array)
#41 /var/www/fullcare.vn/public_html/index.php(83): Mage::run('', 'store')
#42 {main}
